[0.733s] Invoking command in '/home/usuario/ros2_ws/src/build/person_follower': PYTHONPATH=/home/usuario/ros2_ws/src/build/person_follower/prefix_override:/usr/lib/python3/dist-packages/colcon_core/task/python/colcon_distutils_commands:/home/usuario/ros2_ws/src/install/person_follower/lib/python3.10/site-packages:${PYTHONPATH} /usr/bin/python3 -W ignore:setup.py install is deprecated -W ignore:easy_install command is deprecated setup.py develop --editable --build-directory /home/usuario/ros2_ws/src/build/person_follower/build --no-deps symlink_data
[0.998s] /usr/lib/python3/dist-packages/setuptools/dist.py:723: UserWarning: Usage of dash-separated 'script-dir' will not be supported in future versions. Please use the underscore name 'script_dir' instead
[0.998s]   warnings.warn(
[1.021s] running develop
[1.222s] running egg_info
[1.222s] creating person_follower.egg-info
[1.222s] writing person_follower.egg-info/PKG-INFO
[1.223s] writing dependency_links to person_follower.egg-info/dependency_links.txt
[1.223s] writing entry points to person_follower.egg-info/entry_points.txt
[1.224s] writing requirements to person_follower.egg-info/requires.txt
[1.224s] writing top-level names to person_follower.egg-info/top_level.txt
[1.225s] writing manifest file 'person_follower.egg-info/SOURCES.txt'
[1.226s] reading manifest file 'person_follower.egg-info/SOURCES.txt'
[1.227s] writing manifest file 'person_follower.egg-info/SOURCES.txt'
[1.252s] running build_ext
[1.253s] Creating /home/usuario/ros2_ws/src/install/person_follower/lib/python3.10/site-packages/person-follower.egg-link (link to .)
[1.264s] Installing camera_node script to /home/usuario/ros2_ws/src/install/person_follower/lib/person_follower
[1.264s] Installing collision_handling_node script to /home/usuario/ros2_ws/src/install/person_follower/lib/person_follower
[1.264s] Installing control_node script to /home/usuario/ros2_ws/src/install/person_follower/lib/person_follower
[1.264s] Installing detection_node script to /home/usuario/ros2_ws/src/install/person_follower/lib/person_follower
[1.265s] Installing tracking_node script to /home/usuario/ros2_ws/src/install/person_follower/lib/person_follower
[1.265s] Installing user_interface_node script to /home/usuario/ros2_ws/src/install/person_follower/lib/person_follower
[1.267s] 
[1.267s] Installed /home/usuario/ros2_ws/src/build/person_follower
[1.268s] running symlink_data
[1.268s] creating /home/usuario/ros2_ws/src/install/person_follower/share/ament_index
[1.268s] creating /home/usuario/ros2_ws/src/install/person_follower/share/ament_index/resource_index
[1.268s] creating /home/usuario/ros2_ws/src/install/person_follower/share/ament_index/resource_index/packages
[1.268s] symbolically linking /home/usuario/ros2_ws/src/build/person_follower/resource/person_follower -> /home/usuario/ros2_ws/src/install/person_follower/share/ament_index/resource_index/packages
[1.268s] symbolically linking /home/usuario/ros2_ws/src/build/person_follower/package.xml -> /home/usuario/ros2_ws/src/install/person_follower/share/person_follower
[1.269s] creating /home/usuario/ros2_ws/src/install/person_follower/share/person_follower/launch
[1.269s] symbolically linking /home/usuario/ros2_ws/src/build/person_follower/person_follower/launch/start_person_follower.launch.py -> /home/usuario/ros2_ws/src/install/person_follower/share/person_follower/launch
[1.269s] creating /home/usuario/ros2_ws/src/install/person_follower/share/person_follower/model
[1.269s] symbolically linking /home/usuario/ros2_ws/src/build/person_follower/person_follower/model/yolov4-tiny.cfg -> /home/usuario/ros2_ws/src/install/person_follower/share/person_follower/model
[1.269s] symbolically linking /home/usuario/ros2_ws/src/build/person_follower/person_follower/model/yolov4-tiny.weights -> /home/usuario/ros2_ws/src/install/person_follower/share/person_follower/model
[1.269s] symbolically linking /home/usuario/ros2_ws/src/build/person_follower/person_follower/model/coco.names -> /home/usuario/ros2_ws/src/install/person_follower/share/person_follower/model
[1.269s] creating /home/usuario/ros2_ws/src/install/person_follower/share/person_follower/config
[1.269s] symbolically linking /home/usuario/ros2_ws/src/build/person_follower/person_follower/config/config.yaml -> /home/usuario/ros2_ws/src/install/person_follower/share/person_follower/config
[1.295s] Invoked command in '/home/usuario/ros2_ws/src/build/person_follower' returned '0': PYTHONPATH=/home/usuario/ros2_ws/src/build/person_follower/prefix_override:/usr/lib/python3/dist-packages/colcon_core/task/python/colcon_distutils_commands:/home/usuario/ros2_ws/src/install/person_follower/lib/python3.10/site-packages:${PYTHONPATH} /usr/bin/python3 -W ignore:setup.py install is deprecated -W ignore:easy_install command is deprecated setup.py develop --editable --build-directory /home/usuario/ros2_ws/src/build/person_follower/build --no-deps symlink_data
