[0.743s] Invoking command in '/home/usuario/ros2_ws/src/build/person_follower': PYTHONPATH=/home/usuario/ros2_ws/src/build/person_follower/prefix_override:/usr/lib/python3/dist-packages/colcon_core/task/python/colcon_distutils_commands:/home/usuario/ros2_ws/src/install/person_follower/lib/python3.10/site-packages:${PYTHONPATH} /usr/bin/python3 -W ignore:setup.py install is deprecated -W ignore:easy_install command is deprecated setup.py develop --editable --build-directory /home/usuario/ros2_ws/src/build/person_follower/build --no-deps symlink_data
[1.009s] /usr/lib/python3/dist-packages/setuptools/dist.py:723: UserWarning: Usage of dash-separated 'script-dir' will not be supported in future versions. Please use the underscore name 'script_dir' instead
[1.009s]   warnings.warn(
[1.032s] running develop
[1.261s] running egg_info
[1.261s] writing person_follower.egg-info/PKG-INFO
[1.262s] writing dependency_links to person_follower.egg-info/dependency_links.txt
[1.263s] writing entry points to person_follower.egg-info/entry_points.txt
[1.264s] writing requirements to person_follower.egg-info/requires.txt
[1.265s] writing top-level names to person_follower.egg-info/top_level.txt
[1.267s] reading manifest file 'person_follower.egg-info/SOURCES.txt'
[1.270s] writing manifest file 'person_follower.egg-info/SOURCES.txt'
[1.295s] running build_ext
[1.296s] Creating /home/usuario/ros2_ws/src/install/person_follower/lib/python3.10/site-packages/person-follower.egg-link (link to .)
[1.311s] Installing SLAM_node script to /home/usuario/ros2_ws/src/install/person_follower/lib/person_follower
[1.311s] Installing camera_node script to /home/usuario/ros2_ws/src/install/person_follower/lib/person_follower
[1.311s] Installing collision_handling_node script to /home/usuario/ros2_ws/src/install/person_follower/lib/person_follower
[1.312s] Installing control_node script to /home/usuario/ros2_ws/src/install/person_follower/lib/person_follower
[1.312s] Installing detection_node script to /home/usuario/ros2_ws/src/install/person_follower/lib/person_follower
[1.312s] Installing tracking_node script to /home/usuario/ros2_ws/src/install/person_follower/lib/person_follower
[1.313s] Installing user_interface_node script to /home/usuario/ros2_ws/src/install/person_follower/lib/person_follower
[1.315s] 
[1.315s] Installed /home/usuario/ros2_ws/src/build/person_follower
[1.316s] running symlink_data
[1.341s] Invoked command in '/home/usuario/ros2_ws/src/build/person_follower' returned '0': PYTHONPATH=/home/usuario/ros2_ws/src/build/person_follower/prefix_override:/usr/lib/python3/dist-packages/colcon_core/task/python/colcon_distutils_commands:/home/usuario/ros2_ws/src/install/person_follower/lib/python3.10/site-packages:${PYTHONPATH} /usr/bin/python3 -W ignore:setup.py install is deprecated -W ignore:easy_install command is deprecated setup.py develop --editable --build-directory /home/usuario/ros2_ws/src/build/person_follower/build --no-deps symlink_data
